Detecting compiler hash for triplet x64-windows...
Compiler found: C:/Program Files (x86)/Microsoft Visual Studio/2022/BuildTools/VC/Tools/MSVC/14.44.35207/bin/Hostx64/x64/cl.exe
The following packages are already installed:
  * boost-algorithm:x64-windows@1.91.0
  * boost-align:x64-windows@1.91.0
  * boost-array:x64-windows@1.91.0
    boost-asio[core,spawn,deadline-timer]:x64-windows@1.91.0
  * boost-assert:x64-windows@1.91.0
  * boost-bind:x64-windows@1.91.0
  * boost-cmake:x64-windows@1.91.0
  * boost-compat:x64-windows@1.91.0
  * boost-concept-check:x64-windows@1.91.0
  * boost-config:x64-windows@1.91.0
  * boost-container:x64-windows@1.91.0
  * boost-container-hash:x64-windows@1.91.0
  * boost-context:x64-windows@1.91.0
  * boost-conversion:x64-windows@1.91.0
  * boost-core:x64-windows@1.91.0
  * boost-date-time:x64-windows@1.91.0
  * boost-describe:x64-windows@1.91.0
  * boost-detail:x64-windows@1.91.0
    boost-dynamic-bitset:x64-windows@1.91.0
  * boost-exception:x64-windows@1.91.0
  * boost-function:x64-windows@1.91.0
  * boost-function-types:x64-windows@1.91.0
  * boost-functional:x64-windows@1.91.0
  * boost-fusion:x64-windows@1.91.0
  * boost-headers:x64-windows@1.91.0
  * boost-integer:x64-windows@1.91.0
  * boost-intrusive:x64-windows@1.91.0
  * boost-io:x64-windows@1.91.0
  * boost-iterator:x64-windows@1.91.0
  * boost-lexical-cast:x64-windows@1.91.0
  * boost-move:x64-windows@1.91.0
  * boost-mp11:x64-windows@1.91.0
  * boost-mpl:x64-windows@1.91.0
  * boost-numeric-conversion:x64-windows@1.91.0
  * boost-optional:x64-windows@1.91.0
  * boost-pool:x64-windows@1.91.0
  * boost-predef:x64-windows@1.91.0
  * boost-preprocessor:x64-windows@1.91.0
  * boost-range:x64-windows@1.91.0
  * boost-regex:x64-windows@1.91.0
  * boost-smart-ptr:x64-windows@1.91.0
  * boost-static-assert:x64-windows@1.91.0
  * boost-system:x64-windows@1.91.0
  * boost-throw-exception:x64-windows@1.91.0
  * boost-tokenizer:x64-windows@1.91.0
  * boost-tuple:x64-windows@1.91.0
  * boost-type-traits:x64-windows@1.91.0
  * boost-typeof:x64-windows@1.91.0
  * boost-uninstall:x64-windows@1.91.0
  * boost-unordered:x64-windows@1.91.0
  * boost-utility:x64-windows@1.91.0
  * boost-variant2:x64-windows@1.91.0
  * boost-winapi:x64-windows@1.91.0
    nlohmann-json:x64-windows@3.12.0#2
  * vcpkg-boost:x64-windows@2025-03-29
  * vcpkg-cmake:x64-windows@2024-04-23
  * vcpkg-cmake-config:x64-windows@2024-05-23
    zlib:x64-windows@1.3.2
boost-asio provides CMake targets:

  # this is heuristically generated, and may not be correct
  find_package(boost_asio CONFIG REQUIRED)
  target_link_libraries(main PRIVATE Boost::asio)

  find_package(boost_asio_core CONFIG REQUIRED)
  target_link_libraries(main PRIVATE Boost::asio_core)

  find_package(boost_asio_deadline_timer CONFIG REQUIRED)
  target_link_libraries(main PRIVATE Boost::asio_deadline_timer)

  find_package(boost_asio_spawn CONFIG REQUIRED)
  target_link_libraries(main PRIVATE Boost::asio_spawn)

boost-dynamic-bitset provides CMake targets:

  # this is heuristically generated, and may not be correct
  find_package(boost_dynamic_bitset CONFIG REQUIRED)
  target_link_libraries(main PRIVATE Boost::dynamic_bitset)

The package nlohmann-json provides CMake targets:

    find_package(nlohmann_json CONFIG REQUIRED)
    target_link_libraries(main PRIVATE nlohmann_json::nlohmann_json)

The package nlohmann-json can be configured to not provide implicit conversions via a custom triplet file:

    set(nlohmann-json_IMPLICIT_CONVERSIONS OFF)

For more information, see the docs here:
    
    https://json.nlohmann.me/api/macros/json_use_implicit_conversions/

zlib is compatible with built-in CMake targets:

  find_package(ZLIB REQUIRED)
  target_link_libraries(main PRIVATE ZLIB::ZLIB)

All requested installations completed successfully in: 933 us
